Using pre-set license
Built from '2020.3/staging' branch; Version is '2020.3.37f1 (8c66806a0c04) revision 9201280'; Using compiler version '192528614'; Build Type 'Release'
OS: 'Windows 10  (10.0.19045) 64bit Professional' Language: 'es' Physical Memory: 12171 MB
BatchMode: 1, IsHumanControllingUs: 0, StartBugReporterOnCrash: 0, Is64bit: 1, IsPro: 0

COMMAND LINE ARGUMENTS:
C:\Program Files\Unity 2020.3.37f1\Editor\Unity.exe
-adb2
-batchMode
-noUpm
-name
AssetImportWorker0
-projectPath
C:/Users/Frida/Documents/proyectos/cookbook-unity-pruebas/mini-practica
-logFile
Logs/AssetImportWorker0.log
-srvPort
63773
Successfully changed project path to: C:/Users/Frida/Documents/proyectos/cookbook-unity-pruebas/mini-practica
C:/Users/Frida/Documents/proyectos/cookbook-unity-pruebas/mini-practica
Using Asset Import Pipeline V2.
Refreshing native plugins compatible for Editor in 104.15 ms, found 3 plugins.
Preloading 0 native plugins for Editor in 0.00 ms.
Initialize engine version: 2020.3.37f1 (8c66806a0c04)
[Subsystems] Discovering subsystems at path C:/Program Files/Unity 2020.3.37f1/Editor/Data/Resources/UnitySubsystems
[Subsystems] Discovering subsystems at path C:/Users/Frida/Documents/proyectos/cookbook-unity-pruebas/mini-practica/Assets
GfxDevice: creating device client; threaded=0
Direct3D:
    Version:  Direct3D 11.0 [level 11.0]
    Renderer: Intel(R) HD Graphics 4000 (ID=0x166)
    Vendor:   
    VRAM:     128 MB
    Driver:   10.18.10.4425
Initialize mono
Mono path[0] = 'C:/Program Files/Unity 2020.3.37f1/Editor/Data/Managed'
Mono path[1] = 'C:/Program Files/Unity 2020.3.37f1/Editor/Data/MonoBleedingEdge/lib/mono/unityjit'
Mono config path = 'C:/Program Files/Unity 2020.3.37f1/Editor/Data/MonoBleedingEdge/etc'
Using monoOptions --debugger-agent=transport=dt_socket,embedding=1,server=y,suspend=n,address=127.0.0.1:56096
Begin MonoManager ReloadAssembly
Registering precompiled unity dll's ...
Register platform support module: C:/Program Files/Unity 2020.3.37f1/Editor/Data/PlaybackEngines/WindowsStandaloneSupport/UnityEditor.WindowsStandalone.Extensions.dll
Registered in 0.005628 seconds.
Native extension for WindowsStandalone target not found
Refreshing native plugins compatible for Editor in 78.11 ms, found 3 plugins.
Preloading 0 native plugins for Editor in 0.00 ms.
Mono: successfully reloaded assembly
- Completed reload, in  1.057 seconds
Domain Reload Profiling:
	ReloadAssembly (1058ms)
		BeginReloadAssembly (135ms)
			ExecutionOrderSort (0ms)
			DisableScriptedObjects (0ms)
			BackupInstance (0ms)
			ReleaseScriptingObjects (0ms)
			CreateAndSetChildDomain (2ms)
		EndReloadAssembly (792ms)
			LoadAssemblies (127ms)
			RebuildTransferFunctionScriptingTraits (0ms)
			SetupTypeCache (284ms)
			ReleaseScriptCaches (0ms)
			RebuildScriptCaches (53ms)
			SetupLoadedEditorAssemblies (295ms)
				LogAssemblyErrors (0ms)
				InitializePlatformSupportModulesInManaged (8ms)
				SetLoadedEditorAssemblies (0ms)
				RefreshPlugins (78ms)
				BeforeProcessingInitializeOnLoad (19ms)
				ProcessInitializeOnLoadAttributes (136ms)
				ProcessInitializeOnLoadMethodAttributes (53ms)
				AfterProcessingInitializeOnLoad (0ms)
				EditorAssembliesLoaded (0ms)
			ExecutionOrderSort2 (0ms)
			AwakeInstancesAfterBackupRestoration (0ms)
Platform modules already initialized, skipping
Registering precompiled user dll's ...
Registered in 0.013949 seconds.
Begin MonoManager ReloadAssembly
Native extension for WindowsStandalone target not found
Refreshing native plugins compatible for Editor in 80.95 ms, found 3 plugins.
Preloading 0 native plugins for Editor in 0.00 ms.
Mono: successfully reloaded assembly
- Completed reload, in  2.208 seconds
Domain Reload Profiling:
	ReloadAssembly (2209ms)
		BeginReloadAssembly (394ms)
			ExecutionOrderSort (0ms)
			DisableScriptedObjects (7ms)
			BackupInstance (0ms)
			ReleaseScriptingObjects (0ms)
			CreateAndSetChildDomain (34ms)
		EndReloadAssembly (1693ms)
			LoadAssemblies (301ms)
			RebuildTransferFunctionScriptingTraits (0ms)
			SetupTypeCache (535ms)
			ReleaseScriptCaches (1ms)
			RebuildScriptCaches (106ms)
			SetupLoadedEditorAssemblies (632ms)
				LogAssemblyErrors (0ms)
				InitializePlatformSupportModulesInManaged (6ms)
				SetLoadedEditorAssemblies (0ms)
				RefreshPlugins (81ms)
				BeforeProcessingInitializeOnLoad (160ms)
				ProcessInitializeOnLoadAttributes (325ms)
				ProcessInitializeOnLoadMethodAttributes (36ms)
				AfterProcessingInitializeOnLoad (23ms)
				EditorAssembliesLoaded (0ms)
			ExecutionOrderSort2 (0ms)
			AwakeInstancesAfterBackupRestoration (6ms)
Platform modules already initialized, skipping
========================================================================
Worker process is ready to serve import requests
Launched and connected shader compiler UnityShaderCompiler.exe after 0.08 seconds
Refreshing native plugins compatible for Editor in 1.13 ms, found 3 plugins.
Preloading 0 native plugins for Editor in 0.00 ms.
Unloading 2211 Unused Serialized files (Serialized files now loaded: 0)
System memory in use before: 97.3 MB.
System memory in use after: 97.2 MB.

Unloading 31 unused Assets to reduce memory usage. Loaded Objects now: 2643.
Total: 5.023000 ms (FindLiveObjects: 0.222800 ms CreateObjectMapping: 0.111900 ms MarkObjects: 4.458600 ms  DeleteObjects: 0.227500 ms)

AssetImportParameters requested are different than current active one (requested -> active):
  custom:framework-win-MediaFoundation: 216162199b28c13a410421893ffa2e32 -> 
  custom:video-decoder-ogg-theora: a1e56fd34408186e4bbccfd4996cb3dc -> 
  custom:container-muxer-webm: aa71ff27fc2769a1b78a27578f13a17b -> 
  custom:container-demuxer-webm: 4f35f7cbe854078d1ac9338744f61a02 -> 
  custom:container-demuxer-ogg: 62fdf1f143b41e24485cea50d1cbac27 -> 
  custom:video-encoder-webm-vp8: eb34c28f22e8b96e1ab97ce403110664 -> 
  custom:video-decoder-webm-vp8: 9c59270c3fd7afecdb556c50c9e8de78 -> 
  custom:audio-decoder-ogg-vorbis: bf7c407c2cedff20999df2af8eb42d56 -> 
  custom:audio-encoder-webm-vorbis: bf7c407c2cedff20999df2af8eb42d56 -> 
========================================================================
Received Import Request.
  path: Assets
  artifactKey: Guid(00000000000000001000000000000000) Importer(815301076,1909f56bfc062723c751e8b465ee728b)
Start importing Assets using Guid(00000000000000001000000000000000) Importer(815301076,1909f56bfc062723c751e8b465ee728b)  -> (artifact id: '42d402b061de3733987d63b9cc3b64de') in 0.017715 seconds 
========================================================================
Received Import Request.
  Time since last request: 8.533486 seconds.
  path: Assets/Sprites
  artifactKey: Guid(707d20036a451d74983045385839925c) Importer(815301076,1909f56bfc062723c751e8b465ee728b)
Start importing Assets/Sprites using Guid(707d20036a451d74983045385839925c) Importer(815301076,1909f56bfc062723c751e8b465ee728b)  -> (artifact id: '96f4e9da856e322347929bfd2b6bed9e') in 0.020256 seconds 
========================================================================
Received Import Request.
  Time since last request: 1364.711990 seconds.
  path: Assets/Miniature Army 2D V.1/Sprite
  artifactKey: Guid(295edf658012a4725ba6f44ce57cac16) Importer(815301076,1909f56bfc062723c751e8b465ee728b)
Start importing Assets/Miniature Army 2D V.1/Sprite using Guid(295edf658012a4725ba6f44ce57cac16) Importer(815301076,1909f56bfc062723c751e8b465ee728b)  -> (artifact id: '72722ac08a072b8da565771240ac0a08') in 0.026514 seconds 
========================================================================
Received Import Request.
  Time since last request: 0.047646 seconds.
  path: Assets/Miniature Army 2D V.1/Sprite/miniature-army1024x768.png
  artifactKey: Guid(15b2d2faaecad4bfb9edc6585d94f509) Importer(815301076,1909f56bfc062723c751e8b465ee728b)
Start importing Assets/Miniature Army 2D V.1/Sprite/miniature-army1024x768.png using Guid(15b2d2faaecad4bfb9edc6585d94f509) Importer(815301076,1909f56bfc062723c751e8b465ee728b)  -> (artifact id: '2bd8e2ddd690ad423e5f63066150268c') in 0.808896 seconds 
========================================================================
Received Import Request.
  Time since last request: 4.247942 seconds.
  path: Assets/Miniature Army 2D V.1/Scene
  artifactKey: Guid(218000554c2fb44deb2d5fdf839800cf) Importer(815301076,1909f56bfc062723c751e8b465ee728b)
Start importing Assets/Miniature Army 2D V.1/Scene using Guid(218000554c2fb44deb2d5fdf839800cf) Importer(815301076,1909f56bfc062723c751e8b465ee728b)  -> (artifact id: '95ce8561c91bc2d2fba6c93cf128227e') in 0.020898 seconds 
========================================================================
Received Import Request.
  Time since last request: 2.134195 seconds.
  path: Assets/Miniature Army 2D V.1/Prefab
  artifactKey: Guid(64116ca37797a43758dcaf29f640b978) Importer(815301076,1909f56bfc062723c751e8b465ee728b)
Start importing Assets/Miniature Army 2D V.1/Prefab using Guid(64116ca37797a43758dcaf29f640b978) Importer(815301076,1909f56bfc062723c751e8b465ee728b)  -> (artifact id: 'c7b7c244e4dd370c10e059ff6dbf2059') in 0.030818 seconds 
========================================================================
Received Import Request.
  Time since last request: 0.715122 seconds.
  path: Assets/Miniature Army 2D V.1/Prefab/Knight.prefab
  artifactKey: Guid(978fa2fb617654f5eaeff9da6fc7d116) Importer(815301076,1909f56bfc062723c751e8b465ee728b)
Start importing Assets/Miniature Army 2D V.1/Prefab/Knight.prefab using Guid(978fa2fb617654f5eaeff9da6fc7d116) Importer(815301076,1909f56bfc062723c751e8b465ee728b)  -> (artifact id: 'abf28c7f60c4370c5e612605d0beece1') in 0.102448 seconds 
========================================================================
Received Import Request.
  Time since last request: 0.000378 seconds.
  path: Assets/Miniature Army 2D V.1/Prefab/Thief.prefab
  artifactKey: Guid(13c470c5b8dcd4854834911f7e0a9a6c) Importer(815301076,1909f56bfc062723c751e8b465ee728b)
Start importing Assets/Miniature Army 2D V.1/Prefab/Thief.prefab using Guid(13c470c5b8dcd4854834911f7e0a9a6c) Importer(815301076,1909f56bfc062723c751e8b465ee728b)  -> (artifact id: '9e3860904bb68244edd0d4454a3f5f0f') in 0.062135 seconds 
========================================================================
Received Import Request.
  Time since last request: 0.000551 seconds.
  path: Assets/Miniature Army 2D V.1/Prefab/Merchant.prefab
  artifactKey: Guid(7d908ba845b1044e6829ed5fb7c4be10) Importer(815301076,1909f56bfc062723c751e8b465ee728b)
Start importing Assets/Miniature Army 2D V.1/Prefab/Merchant.prefab using Guid(7d908ba845b1044e6829ed5fb7c4be10) Importer(815301076,1909f56bfc062723c751e8b465ee728b)  -> (artifact id: '8800e5685109b86d5a69c7d5b42efcd7') in 0.086647 seconds 
========================================================================
Received Import Request.
  Time since last request: 0.000314 seconds.
  path: Assets/Miniature Army 2D V.1/Prefab/Peasant.prefab
  artifactKey: Guid(a3c1faf915dc240bca8ed7566d46910c) Importer(815301076,1909f56bfc062723c751e8b465ee728b)
Start importing Assets/Miniature Army 2D V.1/Prefab/Peasant.prefab using Guid(a3c1faf915dc240bca8ed7566d46910c) Importer(815301076,1909f56bfc062723c751e8b465ee728b)  -> (artifact id: 'aa3ef955ace58473944a4d93caca8c85') in 0.064132 seconds 
========================================================================
Received Import Request.
  Time since last request: 0.000375 seconds.
  path: Assets/Miniature Army 2D V.1/Prefab/Priest.prefab
  artifactKey: Guid(389c7e1a1dabb4e1e917001420b89c9a) Importer(815301076,1909f56bfc062723c751e8b465ee728b)
Start importing Assets/Miniature Army 2D V.1/Prefab/Priest.prefab using Guid(389c7e1a1dabb4e1e917001420b89c9a) Importer(815301076,1909f56bfc062723c751e8b465ee728b)  -> (artifact id: 'ebed6be3f95d05e2dcc097cc65072d99') in 0.073564 seconds 
========================================================================
Received Import Request.
  Time since last request: 0.000350 seconds.
  path: Assets/Miniature Army 2D V.1/Prefab/Soldier.prefab
  artifactKey: Guid(315058484cf2044ce8dcb608b4678ff6) Importer(815301076,1909f56bfc062723c751e8b465ee728b)
Start importing Assets/Miniature Army 2D V.1/Prefab/Soldier.prefab using Guid(315058484cf2044ce8dcb608b4678ff6) Importer(815301076,1909f56bfc062723c751e8b465ee728b)  -> (artifact id: 'd774ace5779b0cee4b99d4ff1e72df75') in 0.063906 seconds 
========================================================================
Received Prepare
Registering precompiled user dll's ...
Registered in 0.013836 seconds.
Begin MonoManager ReloadAssembly
Native extension for WindowsStandalone target not found
Refreshing native plugins compatible for Editor in 0.73 ms, found 3 plugins.
Preloading 0 native plugins for Editor in 0.00 ms.
Mono: successfully reloaded assembly
- Completed reload, in  2.208 seconds
Domain Reload Profiling:
	ReloadAssembly (2211ms)
		BeginReloadAssembly (281ms)
			ExecutionOrderSort (0ms)
			DisableScriptedObjects (17ms)
			BackupInstance (0ms)
			ReleaseScriptingObjects (0ms)
			CreateAndSetChildDomain (59ms)
		EndReloadAssembly (1785ms)
			LoadAssemblies (245ms)
			RebuildTransferFunctionScriptingTraits (0ms)
			SetupTypeCache (624ms)
			ReleaseScriptCaches (1ms)
			RebuildScriptCaches (98ms)
			SetupLoadedEditorAssemblies (653ms)
				LogAssemblyErrors (0ms)
				InitializePlatformSupportModulesInManaged (16ms)
				SetLoadedEditorAssemblies (1ms)
				RefreshPlugins (1ms)
				BeforeProcessingInitializeOnLoad (210ms)
				ProcessInitializeOnLoadAttributes (370ms)
				ProcessInitializeOnLoadMethodAttributes (32ms)
				AfterProcessingInitializeOnLoad (24ms)
				EditorAssembliesLoaded (0ms)
			ExecutionOrderSort2 (0ms)
			AwakeInstancesAfterBackupRestoration (7ms)
Platform modules already initialized, skipping
Refreshing native plugins compatible for Editor in 1.12 ms, found 3 plugins.
Preloading 0 native plugins for Editor in 0.00 ms.
Unloading 2206 Unused Serialized files (Serialized files now loaded: 0)
System memory in use before: 100.7 MB.
System memory in use after: 100.8 MB.

Unloading 20 unused Assets to reduce memory usage. Loaded Objects now: 2741.
Total: 4.945900 ms (FindLiveObjects: 0.243800 ms CreateObjectMapping: 0.124800 ms MarkObjects: 4.336800 ms  DeleteObjects: 0.238500 ms)

AssetImportParameters requested are different than current active one (requested -> active):
  custom:framework-win-MediaFoundation: 216162199b28c13a410421893ffa2e32 -> 
  custom:video-decoder-ogg-theora: a1e56fd34408186e4bbccfd4996cb3dc -> 
  custom:container-muxer-webm: aa71ff27fc2769a1b78a27578f13a17b -> 
  custom:container-demuxer-webm: 4f35f7cbe854078d1ac9338744f61a02 -> 
  custom:container-demuxer-ogg: 62fdf1f143b41e24485cea50d1cbac27 -> 
  custom:video-encoder-webm-vp8: eb34c28f22e8b96e1ab97ce403110664 -> 
  custom:video-decoder-webm-vp8: 9c59270c3fd7afecdb556c50c9e8de78 -> 
  custom:audio-decoder-ogg-vorbis: bf7c407c2cedff20999df2af8eb42d56 -> 
  custom:audio-encoder-webm-vorbis: bf7c407c2cedff20999df2af8eb42d56 -> 
AssetImportWorkerClient::OnTransportError - code=2 error=End of file
